
================ RUN CONFIG ================
Variant                 : mpi_2d
Matrix shape            : A(4096x4096) x B(4096x4096) = C(4096x4096)
Repeat count            : 1
Seed                    : 2026
Input value range       : integer double [0, 1000]
MPI processes           : 25
Nodes detected          : 3
Threads per process     : 1 (pure MPI)
Process/core setting    : PE=1, mapping=slots_7_9_9_grid_5x5
Tile size               : 4096
MPI 2D grid             : 5 x 5
MPI 2D block            : 820 rows x 820 cols
MPI 2D panel K          : 4096
Estimated memory        : 0.3551 GB / 7.0000 GB limit
Work per repeat         : 137438953472 FLOP (137.439 GFLOP)
============================================

[HPC 2D] 5x5

------------- PERFORMANCE METRICS -----------
Run index               : 1/1
Execution time          : 42.395486681 seconds
Throughput              : 3.241830 GFLOP/s
Processes               : 25 MPI process(es), 3 node(s)
Speedup/Efficiency      : computed later in summary.csv
Checksum hash           : 99a5a38cbc1e12b7
Sample file             : not saved
---------------------------------------------
RESULT,mpi_2d,4096,4096,4096,25,3,4096,0,42.395486681,17178352257343432,17178352257343432,1096509498,99a5a38cbc1e12b7,report_grid_sweep,slots_7_9_9_grid_5x5,1,1,,
WALL_CLOCK_SECONDS,45.92
