
================ RUN CONFIG ================
Variant                 : mpi
Matrix shape            : A(2048x2048) x B(2048x2048) = C(2048x2048)
Repeat count            : 1
Seed                    : 2026
Input value range       : integer double [0, 1000]
MPI processes           : 16
Nodes detected          : 3
Threads per process     : 1 (pure MPI)
Process/core setting    : PE=1, mapping=slots_4_6_6
Tile size               : 32
Estimated memory        : 0.1289 GB / 7.0000 GB limit
Work per repeat         : 17179869184 FLOP (17.180 GFLOP)
============================================


------------- PERFORMANCE METRICS -----------
Run index               : 1/1
Execution time          : 25.625391055 seconds
Throughput              : 0.670424 GFLOP/s
Processes               : 16 MPI process(es), 3 node(s)
Speedup/Efficiency      : computed later in summary.csv
Checksum hash           : eb3bcbdd1e4476ee
Sample file             : not saved
---------------------------------------------
RESULT,mpi,2048,2048,2048,16,3,32,0,25.625391055,2147202409604900,2147202409604900,560140257,eb3bcbdd1e4476ee,report_medium,slots_4_6_6,1,1,,
WALL_CLOCK_SECONDS,29.72
