
================ RUN CONFIG ================
Variant                 : mpi
Matrix shape            : A(4096x4096) x B(4096x4096) = C(4096x4096)
Repeat count            : 1
Seed                    : 2026
Input value range       : integer double [0, 1000]
MPI processes           : 44
Nodes detected          : 3
Threads per process     : 1 (pure MPI)
Process/core setting    : PE=1, mapping=slots_12_16_16
Tile size               : 32
Estimated memory        : 0.5057 GB / 7.0000 GB limit
Work per repeat         : 137438953472 FLOP (137.439 GFLOP)
============================================


------------- PERFORMANCE METRICS -----------
Run index               : 1/1
Execution time          : 122.705486940 seconds
Throughput              : 1.120072 GFLOP/s
Processes               : 44 MPI process(es), 3 node(s)
Speedup/Efficiency      : computed later in summary.csv
Checksum hash           : 99a5a38cbc1e12b7
Sample file             : not saved
---------------------------------------------
RESULT,mpi,4096,4096,4096,44,3,32,0,122.705486940,17178352257339180,17178352257339180,1096509498,99a5a38cbc1e12b7,report_confirm,slots_12_16_16,1,1,,
WALL_CLOCK_SECONDS,130.86
