
================ RUN CONFIG ================
Variant                 : mpi_2d
Matrix shape            : A(4096x4096) x B(4096x4096) = C(4096x4096)
Repeat count            : 1
Seed                    : 2026
Input value range       : integer double [0, 1000]
MPI processes           : 16
Nodes detected          : 3
Threads per process     : 1 (pure MPI)
Process/core setting    : PE=1, mapping=slots_4_6_6_panel_2048
Tile size               : 2048
MPI 2D grid             : 4 x 4
MPI 2D block            : 1024 rows x 1024 cols
MPI 2D panel K          : 2048
Estimated memory        : 0.3203 GB / 7.0000 GB limit
Work per repeat         : 137438953472 FLOP (137.439 GFLOP)
============================================

[HPC 2D] 4x4

------------- PERFORMANCE METRICS -----------
Run index               : 1/1
Execution time          : 34.405575449 seconds
Throughput              : 3.994671 GFLOP/s
Processes               : 16 MPI process(es), 3 node(s)
Speedup/Efficiency      : computed later in summary.csv
Checksum hash           : 99a5a38cbc1e12b7
Sample file             : not saved
---------------------------------------------
RESULT,mpi_2d,4096,4096,4096,16,3,2048,0,34.405575449,17178352257343432,17178352257343432,1096509498,99a5a38cbc1e12b7,report_panel_sweep,slots_4_6_6_panel_2048,1,1,,
WALL_CLOCK_SECONDS,37.62
