
================ RUN CONFIG ================
Variant                 : mpi_2d
Matrix shape            : A(2048x2048) x B(2048x2048) = C(2048x2048)
Repeat count            : 1
Seed                    : 2026
Input value range       : integer double [0, 1000]
MPI processes           : 16
Nodes detected          : 3
Threads per process     : 1 (pure MPI)
Process/core setting    : PE=1, mapping=slots_4_6_6
Tile size               : 32
MPI 2D grid             : 4 x 4
MPI 2D block            : 512 rows x 512 cols
MPI 2D panel K          : 1024
Estimated memory        : 0.0801 GB / 7.0000 GB limit
Work per repeat         : 17179869184 FLOP (17.180 GFLOP)
============================================

[HPC 2D] 4x4

------------- PERFORMANCE METRICS -----------
Run index               : 1/1
Execution time          : 10.297413238 seconds
Throughput              : 1.668367 GFLOP/s
Processes               : 16 MPI process(es), 3 node(s)
Speedup/Efficiency      : computed later in summary.csv
Checksum hash           : eb3bcbdd1e4476ee
Sample file             : not saved
---------------------------------------------
RESULT,mpi_2d,2048,2048,2048,16,3,32,0,10.297413238,2147202409604900,2147202409604900,560140257,eb3bcbdd1e4476ee,report_medium,slots_4_6_6,1,1,,
WALL_CLOCK_SECONDS,13.16
