--------------------------------------------------------------------------
WARNING: An invalid value was given for oob_tcp_if_include.  This
value will be ignored.

  Local host: DESKTOP-A3I1NIN
  Value:      LAN_CIDR
  Message:    Did not find interface matching this subnet
--------------------------------------------------------------------------
--------------------------------------------------------------------------
WARNING: An invalid value was given for oob_tcp_if_include.  This
value will be ignored.

  Local host: LAPTOP-34RTNCDV
  Value:      LAN_CIDR
  Message:    Did not find interface matching this subnet
--------------------------------------------------------------------------
--------------------------------------------------------------------------
WARNING: An invalid value was given for btl_tcp_if_include.  This
value will be ignored.

  Local host: DESKTOP-A3I1NIN
  Value:      LAN_CIDR
  Message:    Did not find interface matching this subnet
--------------------------------------------------------------------------
--------------------------------------------------------------------------
Open MPI detected an inbound MPI TCP connection request from a peer
that appears to be part of this MPI job (i.e., it identified itself as
part of this Open MPI job), but it is from an IP address that is
unexpected.  This is highly unusual.

The inbound connection has been dropped, and the peer should simply
try again with a different IP interface (i.e., the job should
hopefully be able to continue).

  Local host:          BangPC
  Local PID:           722
  Peer hostname:       node30 ([[59024,1],4])
  Source IP of socket: node3-lan
  Known IPs of peer:   
	172.17.201.46
--------------------------------------------------------------------------
[BangPC:00664] 3 more processes have sent help message help-mpi-btl-tcp.txt / invalid if_inexclude
[BangPC:00664] Set MCA parameter "orte_base_help_aggregate" to 0 to see all help / error messages
[BangPC:00664] 1 more process has sent help message help-mpi-btl-tcp.txt / dropped inbound connection
